The system is: Darwin - 24.3.0 - x86_64
Compiling the C compiler identification source file "CMakeCCompilerId.c" succeeded.
Compiler: /Users/manuelmartinezflores/miniforge3/bin/x86_64-apple-darwin13.4.0-clang 
Build flags: -march=core2;-mtune=haswell;-mssse3;-ftree-vectorize;-fPIC;-fstack-protector-strong;-O2;-pipe;-isystem;/Users/manuelmartinezflores/miniforge3/include
Id flags:  

The output was:
0


Compilation of the C compiler identification source "CMakeCCompilerId.c" produced "a.out"

The C compiler identification is Clang, found in "/Users/manuelmartinezflores/Documents/GitHub/LinearGraph-NormalTree/CMakeFiles/3.23.2/CompilerIdC/a.out"

Compiling the CXX compiler identification source file "CMakeCXXCompilerId.cpp" succeeded.
Compiler: /Users/manuelmartinezflores/miniforge3/bin/x86_64-apple-darwin13.4.0-clang++ 
Build flags: -march=core2;-mtune=haswell;-mssse3;-ftree-vectorize;-fPIC;-fstack-protector-strong;-O2;-pipe;-stdlib=libc++;-fvisibility-inlines-hidden;-fmessage-length=0;-isystem;/Users/manuelmartinezflores/miniforge3/include
Id flags:  

The output was:
0


Compilation of the CXX compiler identification source "CMakeCXXCompilerId.cpp" produced "a.out"

The CXX compiler identification is Clang, found in "/Users/manuelmartinezflores/Documents/GitHub/LinearGraph-NormalTree/CMakeFiles/3.23.2/CompilerIdCXX/a.out"

Detecting C compiler ABI info compiled with the following output:
Change Dir: /Users/manuelmartinezflores/Documents/GitHub/LinearGraph-NormalTree/CMakeFiles/CMakeTmp

Run Build Command(s):/usr/local/bin/gmake -f Makefile cmTC_d4fab/fast && /usr/local/bin/gmake  -f CMakeFiles/cmTC_d4fab.dir/build.make CMakeFiles/cmTC_d4fab.dir/build
gmake[1]: Entering directory '/Users/manuelmartinezflores/Documents/GitHub/LinearGraph-NormalTree/CMakeFiles/CMakeTmp'
Building C object CMakeFiles/cmTC_d4fab.dir/CMakeCCompilerABI.c.o
/Users/manuelmartinezflores/miniforge3/bin/x86_64-apple-darwin13.4.0-clang   -march=core2 -mtune=haswell -mssse3 -ftree-vectorize -fPIC -fstack-protector-strong -O2 -pipe -isystem /Users/manuelmartinezflores/miniforge3/include  -isysroot /Library/Developer/CommandLineTools/SDKs/MacOSX.sdk   -v -Wl,-v -MD -MT CMakeFiles/cmTC_d4fab.dir/CMakeCCompilerABI.c.o -MF CMakeFiles/cmTC_d4fab.dir/CMakeCCompilerABI.c.o.d -o CMakeFiles/cmTC_d4fab.dir/CMakeCCompilerABI.c.o -c /usr/local/Cellar/cmake/3.23.2/share/cmake/Modules/CMakeCCompilerABI.c
clang version 16.0.6
Target: x86_64-apple-darwin13.4.0
Thread model: posix
InstalledDir: /Users/manuelmartinezflores/miniforge3/bin
clang-16: warning: -Wl,-v: 'linker' input unused [-Wunused-command-line-argument]
 (in-process)
 "/Users/manuelmartinezflores/miniforge3/bin/clang-16" -cc1 -triple x86_64-apple-macosx15.0.0 -Wundef-prefix=TARGET_OS_OSX -Werror=undef-prefix -Wdeprecated-objc-isa-usage -Werror=deprecated-objc-isa-usage -emit-obj -disable-free -clear-ast-before-backend -disable-llvm-verifier -discard-value-names -main-file-name CMakeCCompilerABI.c -mrelocation-model pic -pic-level 2 -pic-is-pie -mframe-pointer=all -ffp-contract=on -fno-rounding-math -funwind-tables=2 -target-sdk-version=15.2 -fcompatibility-qualified-id-block-type-checking -fvisibility-inlines-hidden-static-local-var -target-cpu core2 -target-feature +ssse3 -tune-cpu haswell -mllvm -treat-scalable-fixed-error-as-warning -debugger-tuning=lldb -target-linker-version 609 -v -fcoverage-compilation-dir=/Users/manuelmartinezflores/Documents/GitHub/LinearGraph-NormalTree/CMakeFiles/CMakeTmp -resource-dir /Users/manuelmartinezflores/miniforge3/lib/clang/16 -dependency-file CMakeFiles/cmTC_d4fab.dir/CMakeCCompilerABI.c.o.d -MT CMakeFiles/cmTC_d4fab.dir/CMakeCCompilerABI.c.o -sys-header-deps -isystem /Users/manuelmartinezflores/miniforge3/include -isysroot /Library/Developer/CommandLineTools/SDKs/MacOSX.sdk -internal-isystem /Library/Developer/CommandLineTools/SDKs/MacOSX.sdk/usr/local/include -internal-isystem /Users/manuelmartinezflores/miniforge3/lib/clang/16/include -internal-externc-isystem /Library/Developer/CommandLineTools/SDKs/MacOSX.sdk/usr/include -O2 -fdebug-compilation-dir=/Users/manuelmartinezflores/Documents/GitHub/LinearGraph-NormalTree/CMakeFiles/CMakeTmp -ferror-limit 19 -stack-protector 2 -fblocks -fencode-extended-block-signature -fregister-global-dtors-with-atexit -fgnuc-version=4.2.1 -fmax-type-align=16 -vectorize-loops -vectorize-slp -D__GCC_HAVE_DWARF2_CFI_ASM=1 -o CMakeFiles/cmTC_d4fab.dir/CMakeCCompilerABI.c.o -x c /usr/local/Cellar/cmake/3.23.2/share/cmake/Modules/CMakeCCompilerABI.c
clang -cc1 version 16.0.6 based upon LLVM 16.0.6 default target x86_64-apple-darwin24.3.0
ignoring nonexistent directory "/Library/Developer/CommandLineTools/SDKs/MacOSX.sdk/usr/local/include"
ignoring nonexistent directory "/Library/Developer/CommandLineTools/SDKs/MacOSX.sdk/Library/Frameworks"
#include "..." search starts here:
#include <...> search starts here:
 /Users/manuelmartinezflores/miniforge3/include
 /Users/manuelmartinezflores/miniforge3/lib/clang/16/include
 /Library/Developer/CommandLineTools/SDKs/MacOSX.sdk/usr/include
 /Library/Developer/CommandLineTools/SDKs/MacOSX.sdk/System/Library/Frameworks (framework directory)
End of search list.
Linking C executable cmTC_d4fab
/usr/local/Cellar/cmake/3.23.2/bin/cmake -E cmake_link_script CMakeFiles/cmTC_d4fab.dir/link.txt --verbose=1
/Users/manuelmartinezflores/miniforge3/bin/x86_64-apple-darwin13.4.0-clang -march=core2 -mtune=haswell -mssse3 -ftree-vectorize -fPIC -fstack-protector-strong -O2 -pipe -isystem /Users/manuelmartinezflores/miniforge3/include  -isysroot /Library/Developer/CommandLineTools/SDKs/MacOSX.sdk -Wl,-search_paths_first -Wl,-headerpad_max_install_names -Wl,-headerpad_max_install_names -Wl,-dead_strip_dylibs -Wl,-rpath,/Users/manuelmartinezflores/miniforge3/lib -L/Users/manuelmartinezflores/miniforge3/lib -v -Wl,-v CMakeFiles/cmTC_d4fab.dir/CMakeCCompilerABI.c.o -o cmTC_d4fab 
clang version 16.0.6
Target: x86_64-apple-darwin13.4.0
Thread model: posix
InstalledDir: /Users/manuelmartinezflores/miniforge3/bin
 "/Users/manuelmartinezflores/miniforge3/bin/x86_64-apple-darwin13.4.0-ld" -demangle -lto_library /Users/manuelmartinezflores/miniforge3/lib/libLTO.16.dylib -dynamic -arch x86_64 -platform_version macos 15.0.0 15.2 -syslibroot /Library/Developer/CommandLineTools/SDKs/MacOSX.sdk -o cmTC_d4fab -L/Users/manuelmartinezflores/miniforge3/lib -search_paths_first -headerpad_max_install_names -headerpad_max_install_names -dead_strip_dylibs -rpath /Users/manuelmartinezflores/miniforge3/lib -v CMakeFiles/cmTC_d4fab.dir/CMakeCCompilerABI.c.o -lSystem /Users/manuelmartinezflores/miniforge3/lib/clang/16/lib/darwin/libclang_rt.osx.a
@(#)PROGRAM:ld  PROJECT:ld64-609
BUILD 01:50:21 Oct 12 2023
configured to support archs: armv6 armv7 armv7s arm64 arm64e arm64_32 i386 x86_64 x86_64h armv6m armv7k armv7m armv7em (tvOS)
Library search paths:
	/Users/manuelmartinezflores/miniforge3/lib
	/Library/Developer/CommandLineTools/SDKs/MacOSX.sdk/usr/lib
Framework search paths:
	/Library/Developer/CommandLineTools/SDKs/MacOSX.sdk/System/Library/Frameworks/
gmake[1]: Leaving directory '/Users/manuelmartinezflores/Documents/GitHub/LinearGraph-NormalTree/CMakeFiles/CMakeTmp'



Parsed C implicit include dir info from above output: rv=done
  found start of include info
  found start of implicit include info
    add: [/Users/manuelmartinezflores/miniforge3/include]
    add: [/Users/manuelmartinezflores/miniforge3/lib/clang/16/include]
    add: [/Library/Developer/CommandLineTools/SDKs/MacOSX.sdk/usr/include]
  end of search list found
  collapse include dir [/Users/manuelmartinezflores/miniforge3/include] ==> [/Users/manuelmartinezflores/miniforge3/include]
  collapse include dir [/Users/manuelmartinezflores/miniforge3/lib/clang/16/include] ==> [/Users/manuelmartinezflores/miniforge3/lib/clang/16/include]
  collapse include dir [/Library/Developer/CommandLineTools/SDKs/MacOSX.sdk/usr/include] ==> [/Library/Developer/CommandLineTools/SDKs/MacOSX.sdk/usr/include]
  implicit include dirs: [/Users/manuelmartinezflores/miniforge3/include;/Users/manuelmartinezflores/miniforge3/lib/clang/16/include;/Library/Developer/CommandLineTools/SDKs/MacOSX.sdk/usr/include]


Parsed C implicit link information from above output:
  link line regex: [^( *|.*[/\])(x86_64-apple-darwin13\.4\.0-ld|CMAKE_LINK_STARTFILE-NOTFOUND|([^/\]+-)?ld|collect2)[^/\]*( |$)]
  ignore line: [Change Dir: /Users/manuelmartinezflores/Documents/GitHub/LinearGraph-NormalTree/CMakeFiles/CMakeTmp]
  ignore line: []
  ignore line: [Run Build Command(s):/usr/local/bin/gmake -f Makefile cmTC_d4fab/fast && /usr/local/bin/gmake  -f CMakeFiles/cmTC_d4fab.dir/build.make CMakeFiles/cmTC_d4fab.dir/build]
  ignore line: [gmake[1]: Entering directory '/Users/manuelmartinezflores/Documents/GitHub/LinearGraph-NormalTree/CMakeFiles/CMakeTmp']
  ignore line: [Building C object CMakeFiles/cmTC_d4fab.dir/CMakeCCompilerABI.c.o]
  ignore line: [/Users/manuelmartinezflores/miniforge3/bin/x86_64-apple-darwin13.4.0-clang   -march=core2 -mtune=haswell -mssse3 -ftree-vectorize -fPIC -fstack-protector-strong -O2 -pipe -isystem /Users/manuelmartinezflores/miniforge3/include  -isysroot /Library/Developer/CommandLineTools/SDKs/MacOSX.sdk   -v -Wl -v -MD -MT CMakeFiles/cmTC_d4fab.dir/CMakeCCompilerABI.c.o -MF CMakeFiles/cmTC_d4fab.dir/CMakeCCompilerABI.c.o.d -o CMakeFiles/cmTC_d4fab.dir/CMakeCCompilerABI.c.o -c /usr/local/Cellar/cmake/3.23.2/share/cmake/Modules/CMakeCCompilerABI.c]
  ignore line: [clang version 16.0.6]
  ignore line: [Target: x86_64-apple-darwin13.4.0]
  ignore line: [Thread model: posix]
  ignore line: [InstalledDir: /Users/manuelmartinezflores/miniforge3/bin]
  ignore line: [clang-16: warning: -Wl -v: 'linker' input unused [-Wunused-command-line-argument]]
  ignore line: [ (in-process)]
  ignore line: [ "/Users/manuelmartinezflores/miniforge3/bin/clang-16" -cc1 -triple x86_64-apple-macosx15.0.0 -Wundef-prefix=TARGET_OS_OSX -Werror=undef-prefix -Wdeprecated-objc-isa-usage -Werror=deprecated-objc-isa-usage -emit-obj -disable-free -clear-ast-before-backend -disable-llvm-verifier -discard-value-names -main-file-name CMakeCCompilerABI.c -mrelocation-model pic -pic-level 2 -pic-is-pie -mframe-pointer=all -ffp-contract=on -fno-rounding-math -funwind-tables=2 -target-sdk-version=15.2 -fcompatibility-qualified-id-block-type-checking -fvisibility-inlines-hidden-static-local-var -target-cpu core2 -target-feature +ssse3 -tune-cpu haswell -mllvm -treat-scalable-fixed-error-as-warning -debugger-tuning=lldb -target-linker-version 609 -v -fcoverage-compilation-dir=/Users/manuelmartinezflores/Documents/GitHub/LinearGraph-NormalTree/CMakeFiles/CMakeTmp -resource-dir /Users/manuelmartinezflores/miniforge3/lib/clang/16 -dependency-file CMakeFiles/cmTC_d4fab.dir/CMakeCCompilerABI.c.o.d -MT CMakeFiles/cmTC_d4fab.dir/CMakeCCompilerABI.c.o -sys-header-deps -isystem /Users/manuelmartinezflores/miniforge3/include -isysroot /Library/Developer/CommandLineTools/SDKs/MacOSX.sdk -internal-isystem /Library/Developer/CommandLineTools/SDKs/MacOSX.sdk/usr/local/include -internal-isystem /Users/manuelmartinezflores/miniforge3/lib/clang/16/include -internal-externc-isystem /Library/Developer/CommandLineTools/SDKs/MacOSX.sdk/usr/include -O2 -fdebug-compilation-dir=/Users/manuelmartinezflores/Documents/GitHub/LinearGraph-NormalTree/CMakeFiles/CMakeTmp -ferror-limit 19 -stack-protector 2 -fblocks -fencode-extended-block-signature -fregister-global-dtors-with-atexit -fgnuc-version=4.2.1 -fmax-type-align=16 -vectorize-loops -vectorize-slp -D__GCC_HAVE_DWARF2_CFI_ASM=1 -o CMakeFiles/cmTC_d4fab.dir/CMakeCCompilerABI.c.o -x c /usr/local/Cellar/cmake/3.23.2/share/cmake/Modules/CMakeCCompilerABI.c]
  ignore line: [clang -cc1 version 16.0.6 based upon LLVM 16.0.6 default target x86_64-apple-darwin24.3.0]
  ignore line: [ignoring nonexistent directory "/Library/Developer/CommandLineTools/SDKs/MacOSX.sdk/usr/local/include"]
  ignore line: [ignoring nonexistent directory "/Library/Developer/CommandLineTools/SDKs/MacOSX.sdk/Library/Frameworks"]
  ignore line: [#include "..." search starts here:]
  ignore line: [#include <...> search starts here:]
  ignore line: [ /Users/manuelmartinezflores/miniforge3/include]
  ignore line: [ /Users/manuelmartinezflores/miniforge3/lib/clang/16/include]
  ignore line: [ /Library/Developer/CommandLineTools/SDKs/MacOSX.sdk/usr/include]
  ignore line: [ /Library/Developer/CommandLineTools/SDKs/MacOSX.sdk/System/Library/Frameworks (framework directory)]
  ignore line: [End of search list.]
  ignore line: [Linking C executable cmTC_d4fab]
  ignore line: [/usr/local/Cellar/cmake/3.23.2/bin/cmake -E cmake_link_script CMakeFiles/cmTC_d4fab.dir/link.txt --verbose=1]
  ignore line: [/Users/manuelmartinezflores/miniforge3/bin/x86_64-apple-darwin13.4.0-clang -march=core2 -mtune=haswell -mssse3 -ftree-vectorize -fPIC -fstack-protector-strong -O2 -pipe -isystem /Users/manuelmartinezflores/miniforge3/include  -isysroot /Library/Developer/CommandLineTools/SDKs/MacOSX.sdk -Wl -search_paths_first -Wl -headerpad_max_install_names -Wl -headerpad_max_install_names -Wl -dead_strip_dylibs -Wl -rpath /Users/manuelmartinezflores/miniforge3/lib -L/Users/manuelmartinezflores/miniforge3/lib -v -Wl -v CMakeFiles/cmTC_d4fab.dir/CMakeCCompilerABI.c.o -o cmTC_d4fab ]
  ignore line: [clang version 16.0.6]
  ignore line: [Target: x86_64-apple-darwin13.4.0]
  ignore line: [Thread model: posix]
  ignore line: [InstalledDir: /Users/manuelmartinezflores/miniforge3/bin]
  link line: [ "/Users/manuelmartinezflores/miniforge3/bin/x86_64-apple-darwin13.4.0-ld" -demangle -lto_library /Users/manuelmartinezflores/miniforge3/lib/libLTO.16.dylib -dynamic -arch x86_64 -platform_version macos 15.0.0 15.2 -syslibroot /Library/Developer/CommandLineTools/SDKs/MacOSX.sdk -o cmTC_d4fab -L/Users/manuelmartinezflores/miniforge3/lib -search_paths_first -headerpad_max_install_names -headerpad_max_install_names -dead_strip_dylibs -rpath /Users/manuelmartinezflores/miniforge3/lib -v CMakeFiles/cmTC_d4fab.dir/CMakeCCompilerABI.c.o -lSystem /Users/manuelmartinezflores/miniforge3/lib/clang/16/lib/darwin/libclang_rt.osx.a]
    arg [/Users/manuelmartinezflores/miniforge3/bin/x86_64-apple-darwin13.4.0-ld] ==> ignore
    arg [-demangle] ==> ignore
    arg [-lto_library] ==> ignore, skip following value
    arg [/Users/manuelmartinezflores/miniforge3/lib/libLTO.16.dylib] ==> skip value of -lto_library
    arg [-dynamic] ==> ignore
    arg [-arch] ==> ignore
    arg [x86_64] ==> ignore
    arg [-platform_version] ==> ignore
    arg [macos] ==> ignore
    arg [15.0.0] ==> ignore
    arg [15.2] ==> ignore
    arg [-syslibroot] ==> ignore
    arg [/Library/Developer/CommandLineTools/SDKs/MacOSX.sdk] ==> ignore
    arg [-o] ==> ignore
    arg [cmTC_d4fab] ==> ignore
    arg [-L/Users/manuelmartinezflores/miniforge3/lib] ==> dir [/Users/manuelmartinezflores/miniforge3/lib]
    arg [-search_paths_first] ==> ignore
    arg [-headerpad_max_install_names] ==> ignore
    arg [-headerpad_max_install_names] ==> ignore
    arg [-dead_strip_dylibs] ==> ignore
    arg [-rpath] ==> ignore
    arg [/Users/manuelmartinezflores/miniforge3/lib] ==> ignore
    arg [-v] ==> ignore
    arg [CMakeFiles/cmTC_d4fab.dir/CMakeCCompilerABI.c.o] ==> ignore
    arg [-lSystem] ==> lib [System]
    arg [/Users/manuelmartinezflores/miniforge3/lib/clang/16/lib/darwin/libclang_rt.osx.a] ==> lib [/Users/manuelmartinezflores/miniforge3/lib/clang/16/lib/darwin/libclang_rt.osx.a]
  Library search paths: [;/Users/manuelmartinezflores/miniforge3/lib;/Library/Developer/CommandLineTools/SDKs/MacOSX.sdk/usr/lib]
  Framework search paths: [;/Library/Developer/CommandLineTools/SDKs/MacOSX.sdk/System/Library/Frameworks/]
  remove lib [System]
  remove lib [/Users/manuelmartinezflores/miniforge3/lib/clang/16/lib/darwin/libclang_rt.osx.a]
  collapse library dir [/Users/manuelmartinezflores/miniforge3/lib] ==> [/Users/manuelmartinezflores/miniforge3/lib]
  collapse library dir [/Users/manuelmartinezflores/miniforge3/lib] ==> [/Users/manuelmartinezflores/miniforge3/lib]
  collapse library dir [/Library/Developer/CommandLineTools/SDKs/MacOSX.sdk/usr/lib] ==> [/Library/Developer/CommandLineTools/SDKs/MacOSX.sdk/usr/lib]
  collapse framework dir [/Library/Developer/CommandLineTools/SDKs/MacOSX.sdk/System/Library/Frameworks/] ==> [/Library/Developer/CommandLineTools/SDKs/MacOSX.sdk/System/Library/Frameworks]
  implicit libs: []
  implicit objs: []
  implicit dirs: [/Users/manuelmartinezflores/miniforge3/lib;/Library/Developer/CommandLineTools/SDKs/MacOSX.sdk/usr/lib]
  implicit fwks: [/Library/Developer/CommandLineTools/SDKs/MacOSX.sdk/System/Library/Frameworks]


The system is: Darwin - 24.3.0 - x86_64
Compiling the C compiler identification source file "CMakeCCompilerId.c" succeeded.
Compiler: /Users/manuelmartinezflores/miniforge3/bin/x86_64-apple-darwin13.4.0-clang 
Build flags: -march=core2;-mtune=haswell;-mssse3;-ftree-vectorize;-fPIC;-fstack-protector-strong;-O2;-pipe;-isystem;/Users/manuelmartinezflores/miniforge3/include
Id flags:  

The output was:
0


Compilation of the C compiler identification source "CMakeCCompilerId.c" produced "a.out"

The C compiler identification is Clang, found in "/Users/manuelmartinezflores/Documents/GitHub/LinearGraph-NormalTree/CMakeFiles/3.23.2/CompilerIdC/a.out"

Compiling the CXX compiler identification source file "CMakeCXXCompilerId.cpp" succeeded.
Compiler: /Users/manuelmartinezflores/miniforge3/bin/x86_64-apple-darwin13.4.0-clang++ 
Build flags: -march=core2;-mtune=haswell;-mssse3;-ftree-vectorize;-fPIC;-fstack-protector-strong;-O2;-pipe;-stdlib=libc++;-fvisibility-inlines-hidden;-fmessage-length=0;-isystem;/Users/manuelmartinezflores/miniforge3/include
Id flags:  

The output was:
0


Compilation of the CXX compiler identification source "CMakeCXXCompilerId.cpp" produced "a.out"

The CXX compiler identification is Clang, found in "/Users/manuelmartinezflores/Documents/GitHub/LinearGraph-NormalTree/CMakeFiles/3.23.2/CompilerIdCXX/a.out"

Detecting C compiler ABI info compiled with the following output:
Change Dir: /Users/manuelmartinezflores/Documents/GitHub/LinearGraph-NormalTree/CMakeFiles/CMakeTmp

Run Build Command(s):/usr/local/bin/gmake -f Makefile cmTC_6fbdb/fast && /usr/local/bin/gmake  -f CMakeFiles/cmTC_6fbdb.dir/build.make CMakeFiles/cmTC_6fbdb.dir/build
gmake[1]: Entering directory '/Users/manuelmartinezflores/Documents/GitHub/LinearGraph-NormalTree/CMakeFiles/CMakeTmp'
Building C object CMakeFiles/cmTC_6fbdb.dir/CMakeCCompilerABI.c.o
/Users/manuelmartinezflores/miniforge3/bin/x86_64-apple-darwin13.4.0-clang   -march=core2 -mtune=haswell -mssse3 -ftree-vectorize -fPIC -fstack-protector-strong -O2 -pipe -isystem /Users/manuelmartinezflores/miniforge3/include  -isysroot /Library/Developer/CommandLineTools/SDKs/MacOSX.sdk   -v -Wl,-v -MD -MT CMakeFiles/cmTC_6fbdb.dir/CMakeCCompilerABI.c.o -MF CMakeFiles/cmTC_6fbdb.dir/CMakeCCompilerABI.c.o.d -o CMakeFiles/cmTC_6fbdb.dir/CMakeCCompilerABI.c.o -c /usr/local/Cellar/cmake/3.23.2/share/cmake/Modules/CMakeCCompilerABI.c
clang version 16.0.6
Target: x86_64-apple-darwin13.4.0
Thread model: posix
InstalledDir: /Users/manuelmartinezflores/miniforge3/bin
clang-16: warning: -Wl,-v: 'linker' input unused [-Wunused-command-line-argument]
 (in-process)
 "/Users/manuelmartinezflores/miniforge3/bin/clang-16" -cc1 -triple x86_64-apple-macosx15.0.0 -Wundef-prefix=TARGET_OS_OSX -Werror=undef-prefix -Wdeprecated-objc-isa-usage -Werror=deprecated-objc-isa-usage -emit-obj -disable-free -clear-ast-before-backend -disable-llvm-verifier -discard-value-names -main-file-name CMakeCCompilerABI.c -mrelocation-model pic -pic-level 2 -pic-is-pie -mframe-pointer=all -ffp-contract=on -fno-rounding-math -funwind-tables=2 -target-sdk-version=15.2 -fcompatibility-qualified-id-block-type-checking -fvisibility-inlines-hidden-static-local-var -target-cpu core2 -target-feature +ssse3 -tune-cpu haswell -mllvm -treat-scalable-fixed-error-as-warning -debugger-tuning=lldb -target-linker-version 609 -v -fcoverage-compilation-dir=/Users/manuelmartinezflores/Documents/GitHub/LinearGraph-NormalTree/CMakeFiles/CMakeTmp -resource-dir /Users/manuelmartinezflores/miniforge3/lib/clang/16 -dependency-file CMakeFiles/cmTC_6fbdb.dir/CMakeCCompilerABI.c.o.d -MT CMakeFiles/cmTC_6fbdb.dir/CMakeCCompilerABI.c.o -sys-header-deps -isystem /Users/manuelmartinezflores/miniforge3/include -isysroot /Library/Developer/CommandLineTools/SDKs/MacOSX.sdk -internal-isystem /Library/Developer/CommandLineTools/SDKs/MacOSX.sdk/usr/local/include -internal-isystem /Users/manuelmartinezflores/miniforge3/lib/clang/16/include -internal-externc-isystem /Library/Developer/CommandLineTools/SDKs/MacOSX.sdk/usr/include -O2 -fdebug-compilation-dir=/Users/manuelmartinezflores/Documents/GitHub/LinearGraph-NormalTree/CMakeFiles/CMakeTmp -ferror-limit 19 -stack-protector 2 -fblocks -fencode-extended-block-signature -fregister-global-dtors-with-atexit -fgnuc-version=4.2.1 -fmax-type-align=16 -vectorize-loops -vectorize-slp -D__GCC_HAVE_DWARF2_CFI_ASM=1 -o CMakeFiles/cmTC_6fbdb.dir/CMakeCCompilerABI.c.o -x c /usr/local/Cellar/cmake/3.23.2/share/cmake/Modules/CMakeCCompilerABI.c
clang -cc1 version 16.0.6 based upon LLVM 16.0.6 default target x86_64-apple-darwin24.3.0
ignoring nonexistent directory "/Library/Developer/CommandLineTools/SDKs/MacOSX.sdk/usr/local/include"
ignoring nonexistent directory "/Library/Developer/CommandLineTools/SDKs/MacOSX.sdk/Library/Frameworks"
#include "..." search starts here:
#include <...> search starts here:
 /Users/manuelmartinezflores/miniforge3/include
 /Users/manuelmartinezflores/miniforge3/lib/clang/16/include
 /Library/Developer/CommandLineTools/SDKs/MacOSX.sdk/usr/include
 /Library/Developer/CommandLineTools/SDKs/MacOSX.sdk/System/Library/Frameworks (framework directory)
End of search list.
Linking C executable cmTC_6fbdb
/usr/local/Cellar/cmake/3.23.2/bin/cmake -E cmake_link_script CMakeFiles/cmTC_6fbdb.dir/link.txt --verbose=1
/Users/manuelmartinezflores/miniforge3/bin/x86_64-apple-darwin13.4.0-clang -march=core2 -mtune=haswell -mssse3 -ftree-vectorize -fPIC -fstack-protector-strong -O2 -pipe -isystem /Users/manuelmartinezflores/miniforge3/include  -isysroot /Library/Developer/CommandLineTools/SDKs/MacOSX.sdk -Wl,-search_paths_first -Wl,-headerpad_max_install_names -Wl,-headerpad_max_install_names -Wl,-dead_strip_dylibs -Wl,-rpath,/Users/manuelmartinezflores/miniforge3/lib -L/Users/manuelmartinezflores/miniforge3/lib -v -Wl,-v CMakeFiles/cmTC_6fbdb.dir/CMakeCCompilerABI.c.o -o cmTC_6fbdb 
clang version 16.0.6
Target: x86_64-apple-darwin13.4.0
Thread model: posix
InstalledDir: /Users/manuelmartinezflores/miniforge3/bin
 "/Users/manuelmartinezflores/miniforge3/bin/x86_64-apple-darwin13.4.0-ld" -demangle -lto_library /Users/manuelmartinezflores/miniforge3/lib/libLTO.16.dylib -dynamic -arch x86_64 -platform_version macos 15.0.0 15.2 -syslibroot /Library/Developer/CommandLineTools/SDKs/MacOSX.sdk -o cmTC_6fbdb -L/Users/manuelmartinezflores/miniforge3/lib -search_paths_first -headerpad_max_install_names -headerpad_max_install_names -dead_strip_dylibs -rpath /Users/manuelmartinezflores/miniforge3/lib -v CMakeFiles/cmTC_6fbdb.dir/CMakeCCompilerABI.c.o -lSystem /Users/manuelmartinezflores/miniforge3/lib/clang/16/lib/darwin/libclang_rt.osx.a
@(#)PROGRAM:ld  PROJECT:ld64-609
BUILD 01:50:21 Oct 12 2023
configured to support archs: armv6 armv7 armv7s arm64 arm64e arm64_32 i386 x86_64 x86_64h armv6m armv7k armv7m armv7em (tvOS)
Library search paths:
	/Users/manuelmartinezflores/miniforge3/lib
	/Library/Developer/CommandLineTools/SDKs/MacOSX.sdk/usr/lib
Framework search paths:
	/Library/Developer/CommandLineTools/SDKs/MacOSX.sdk/System/Library/Frameworks/
gmake[1]: Leaving directory '/Users/manuelmartinezflores/Documents/GitHub/LinearGraph-NormalTree/CMakeFiles/CMakeTmp'



Parsed C implicit include dir info from above output: rv=done
  found start of include info
  found start of implicit include info
    add: [/Users/manuelmartinezflores/miniforge3/include]
    add: [/Users/manuelmartinezflores/miniforge3/lib/clang/16/include]
    add: [/Library/Developer/CommandLineTools/SDKs/MacOSX.sdk/usr/include]
  end of search list found
  collapse include dir [/Users/manuelmartinezflores/miniforge3/include] ==> [/Users/manuelmartinezflores/miniforge3/include]
  collapse include dir [/Users/manuelmartinezflores/miniforge3/lib/clang/16/include] ==> [/Users/manuelmartinezflores/miniforge3/lib/clang/16/include]
  collapse include dir [/Library/Developer/CommandLineTools/SDKs/MacOSX.sdk/usr/include] ==> [/Library/Developer/CommandLineTools/SDKs/MacOSX.sdk/usr/include]
  implicit include dirs: [/Users/manuelmartinezflores/miniforge3/include;/Users/manuelmartinezflores/miniforge3/lib/clang/16/include;/Library/Developer/CommandLineTools/SDKs/MacOSX.sdk/usr/include]


Parsed C implicit link information from above output:
  link line regex: [^( *|.*[/\])(x86_64-apple-darwin13\.4\.0-ld|CMAKE_LINK_STARTFILE-NOTFOUND|([^/\]+-)?ld|collect2)[^/\]*( |$)]
  ignore line: [Change Dir: /Users/manuelmartinezflores/Documents/GitHub/LinearGraph-NormalTree/CMakeFiles/CMakeTmp]
  ignore line: []
  ignore line: [Run Build Command(s):/usr/local/bin/gmake -f Makefile cmTC_6fbdb/fast && /usr/local/bin/gmake  -f CMakeFiles/cmTC_6fbdb.dir/build.make CMakeFiles/cmTC_6fbdb.dir/build]
  ignore line: [gmake[1]: Entering directory '/Users/manuelmartinezflores/Documents/GitHub/LinearGraph-NormalTree/CMakeFiles/CMakeTmp']
  ignore line: [Building C object CMakeFiles/cmTC_6fbdb.dir/CMakeCCompilerABI.c.o]
  ignore line: [/Users/manuelmartinezflores/miniforge3/bin/x86_64-apple-darwin13.4.0-clang   -march=core2 -mtune=haswell -mssse3 -ftree-vectorize -fPIC -fstack-protector-strong -O2 -pipe -isystem /Users/manuelmartinezflores/miniforge3/include  -isysroot /Library/Developer/CommandLineTools/SDKs/MacOSX.sdk   -v -Wl -v -MD -MT CMakeFiles/cmTC_6fbdb.dir/CMakeCCompilerABI.c.o -MF CMakeFiles/cmTC_6fbdb.dir/CMakeCCompilerABI.c.o.d -o CMakeFiles/cmTC_6fbdb.dir/CMakeCCompilerABI.c.o -c /usr/local/Cellar/cmake/3.23.2/share/cmake/Modules/CMakeCCompilerABI.c]
  ignore line: [clang version 16.0.6]
  ignore line: [Target: x86_64-apple-darwin13.4.0]
  ignore line: [Thread model: posix]
  ignore line: [InstalledDir: /Users/manuelmartinezflores/miniforge3/bin]
  ignore line: [clang-16: warning: -Wl -v: 'linker' input unused [-Wunused-command-line-argument]]
  ignore line: [ (in-process)]
  ignore line: [ "/Users/manuelmartinezflores/miniforge3/bin/clang-16" -cc1 -triple x86_64-apple-macosx15.0.0 -Wundef-prefix=TARGET_OS_OSX -Werror=undef-prefix -Wdeprecated-objc-isa-usage -Werror=deprecated-objc-isa-usage -emit-obj -disable-free -clear-ast-before-backend -disable-llvm-verifier -discard-value-names -main-file-name CMakeCCompilerABI.c -mrelocation-model pic -pic-level 2 -pic-is-pie -mframe-pointer=all -ffp-contract=on -fno-rounding-math -funwind-tables=2 -target-sdk-version=15.2 -fcompatibility-qualified-id-block-type-checking -fvisibility-inlines-hidden-static-local-var -target-cpu core2 -target-feature +ssse3 -tune-cpu haswell -mllvm -treat-scalable-fixed-error-as-warning -debugger-tuning=lldb -target-linker-version 609 -v -fcoverage-compilation-dir=/Users/manuelmartinezflores/Documents/GitHub/LinearGraph-NormalTree/CMakeFiles/CMakeTmp -resource-dir /Users/manuelmartinezflores/miniforge3/lib/clang/16 -dependency-file CMakeFiles/cmTC_6fbdb.dir/CMakeCCompilerABI.c.o.d -MT CMakeFiles/cmTC_6fbdb.dir/CMakeCCompilerABI.c.o -sys-header-deps -isystem /Users/manuelmartinezflores/miniforge3/include -isysroot /Library/Developer/CommandLineTools/SDKs/MacOSX.sdk -internal-isystem /Library/Developer/CommandLineTools/SDKs/MacOSX.sdk/usr/local/include -internal-isystem /Users/manuelmartinezflores/miniforge3/lib/clang/16/include -internal-externc-isystem /Library/Developer/CommandLineTools/SDKs/MacOSX.sdk/usr/include -O2 -fdebug-compilation-dir=/Users/manuelmartinezflores/Documents/GitHub/LinearGraph-NormalTree/CMakeFiles/CMakeTmp -ferror-limit 19 -stack-protector 2 -fblocks -fencode-extended-block-signature -fregister-global-dtors-with-atexit -fgnuc-version=4.2.1 -fmax-type-align=16 -vectorize-loops -vectorize-slp -D__GCC_HAVE_DWARF2_CFI_ASM=1 -o CMakeFiles/cmTC_6fbdb.dir/CMakeCCompilerABI.c.o -x c /usr/local/Cellar/cmake/3.23.2/share/cmake/Modules/CMakeCCompilerABI.c]
  ignore line: [clang -cc1 version 16.0.6 based upon LLVM 16.0.6 default target x86_64-apple-darwin24.3.0]
  ignore line: [ignoring nonexistent directory "/Library/Developer/CommandLineTools/SDKs/MacOSX.sdk/usr/local/include"]
  ignore line: [ignoring nonexistent directory "/Library/Developer/CommandLineTools/SDKs/MacOSX.sdk/Library/Frameworks"]
  ignore line: [#include "..." search starts here:]
  ignore line: [#include <...> search starts here:]
  ignore line: [ /Users/manuelmartinezflores/miniforge3/include]
  ignore line: [ /Users/manuelmartinezflores/miniforge3/lib/clang/16/include]
  ignore line: [ /Library/Developer/CommandLineTools/SDKs/MacOSX.sdk/usr/include]
  ignore line: [ /Library/Developer/CommandLineTools/SDKs/MacOSX.sdk/System/Library/Frameworks (framework directory)]
  ignore line: [End of search list.]
  ignore line: [Linking C executable cmTC_6fbdb]
  ignore line: [/usr/local/Cellar/cmake/3.23.2/bin/cmake -E cmake_link_script CMakeFiles/cmTC_6fbdb.dir/link.txt --verbose=1]
  ignore line: [/Users/manuelmartinezflores/miniforge3/bin/x86_64-apple-darwin13.4.0-clang -march=core2 -mtune=haswell -mssse3 -ftree-vectorize -fPIC -fstack-protector-strong -O2 -pipe -isystem /Users/manuelmartinezflores/miniforge3/include  -isysroot /Library/Developer/CommandLineTools/SDKs/MacOSX.sdk -Wl -search_paths_first -Wl -headerpad_max_install_names -Wl -headerpad_max_install_names -Wl -dead_strip_dylibs -Wl -rpath /Users/manuelmartinezflores/miniforge3/lib -L/Users/manuelmartinezflores/miniforge3/lib -v -Wl -v CMakeFiles/cmTC_6fbdb.dir/CMakeCCompilerABI.c.o -o cmTC_6fbdb ]
  ignore line: [clang version 16.0.6]
  ignore line: [Target: x86_64-apple-darwin13.4.0]
  ignore line: [Thread model: posix]
  ignore line: [InstalledDir: /Users/manuelmartinezflores/miniforge3/bin]
  link line: [ "/Users/manuelmartinezflores/miniforge3/bin/x86_64-apple-darwin13.4.0-ld" -demangle -lto_library /Users/manuelmartinezflores/miniforge3/lib/libLTO.16.dylib -dynamic -arch x86_64 -platform_version macos 15.0.0 15.2 -syslibroot /Library/Developer/CommandLineTools/SDKs/MacOSX.sdk -o cmTC_6fbdb -L/Users/manuelmartinezflores/miniforge3/lib -search_paths_first -headerpad_max_install_names -headerpad_max_install_names -dead_strip_dylibs -rpath /Users/manuelmartinezflores/miniforge3/lib -v CMakeFiles/cmTC_6fbdb.dir/CMakeCCompilerABI.c.o -lSystem /Users/manuelmartinezflores/miniforge3/lib/clang/16/lib/darwin/libclang_rt.osx.a]
    arg [/Users/manuelmartinezflores/miniforge3/bin/x86_64-apple-darwin13.4.0-ld] ==> ignore
    arg [-demangle] ==> ignore
    arg [-lto_library] ==> ignore, skip following value
    arg [/Users/manuelmartinezflores/miniforge3/lib/libLTO.16.dylib] ==> skip value of -lto_library
    arg [-dynamic] ==> ignore
    arg [-arch] ==> ignore
    arg [x86_64] ==> ignore
    arg [-platform_version] ==> ignore
    arg [macos] ==> ignore
    arg [15.0.0] ==> ignore
    arg [15.2] ==> ignore
    arg [-syslibroot] ==> ignore
    arg [/Library/Developer/CommandLineTools/SDKs/MacOSX.sdk] ==> ignore
    arg [-o] ==> ignore
    arg [cmTC_6fbdb] ==> ignore
    arg [-L/Users/manuelmartinezflores/miniforge3/lib] ==> dir [/Users/manuelmartinezflores/miniforge3/lib]
    arg [-search_paths_first] ==> ignore
    arg [-headerpad_max_install_names] ==> ignore
    arg [-headerpad_max_install_names] ==> ignore
    arg [-dead_strip_dylibs] ==> ignore
    arg [-rpath] ==> ignore
    arg [/Users/manuelmartinezflores/miniforge3/lib] ==> ignore
    arg [-v] ==> ignore
    arg [CMakeFiles/cmTC_6fbdb.dir/CMakeCCompilerABI.c.o] ==> ignore
    arg [-lSystem] ==> lib [System]
    arg [/Users/manuelmartinezflores/miniforge3/lib/clang/16/lib/darwin/libclang_rt.osx.a] ==> lib [/Users/manuelmartinezflores/miniforge3/lib/clang/16/lib/darwin/libclang_rt.osx.a]
  Library search paths: [;/Users/manuelmartinezflores/miniforge3/lib;/Library/Developer/CommandLineTools/SDKs/MacOSX.sdk/usr/lib]
  Framework search paths: [;/Library/Developer/CommandLineTools/SDKs/MacOSX.sdk/System/Library/Frameworks/]
  remove lib [System]
  remove lib [/Users/manuelmartinezflores/miniforge3/lib/clang/16/lib/darwin/libclang_rt.osx.a]
  collapse library dir [/Users/manuelmartinezflores/miniforge3/lib] ==> [/Users/manuelmartinezflores/miniforge3/lib]
  collapse library dir [/Users/manuelmartinezflores/miniforge3/lib] ==> [/Users/manuelmartinezflores/miniforge3/lib]
  collapse library dir [/Library/Developer/CommandLineTools/SDKs/MacOSX.sdk/usr/lib] ==> [/Library/Developer/CommandLineTools/SDKs/MacOSX.sdk/usr/lib]
  collapse framework dir [/Library/Developer/CommandLineTools/SDKs/MacOSX.sdk/System/Library/Frameworks/] ==> [/Library/Developer/CommandLineTools/SDKs/MacOSX.sdk/System/Library/Frameworks]
  implicit libs: []
  implicit objs: []
  implicit dirs: [/Users/manuelmartinezflores/miniforge3/lib;/Library/Developer/CommandLineTools/SDKs/MacOSX.sdk/usr/lib]
  implicit fwks: [/Library/Developer/CommandLineTools/SDKs/MacOSX.sdk/System/Library/Frameworks]


Detecting CXX compiler ABI info compiled with the following output:
Change Dir: /Users/manuelmartinezflores/Documents/GitHub/LinearGraph-NormalTree/CMakeFiles/CMakeTmp

Run Build Command(s):/usr/local/bin/gmake -f Makefile cmTC_c9335/fast && /usr/local/bin/gmake  -f CMakeFiles/cmTC_c9335.dir/build.make CMakeFiles/cmTC_c9335.dir/build
gmake[1]: Entering directory '/Users/manuelmartinezflores/Documents/GitHub/LinearGraph-NormalTree/CMakeFiles/CMakeTmp'
Building CXX object CMakeFiles/cmTC_c9335.dir/CMakeCXXCompilerABI.cpp.o
/Users/manuelmartinezflores/miniforge3/bin/x86_64-apple-darwin13.4.0-clang++   -march=core2 -mtune=haswell -mssse3 -ftree-vectorize -fPIC -fstack-protector-strong -O2 -pipe -stdlib=libc++ -fvisibility-inlines-hidden -fmessage-length=0 -isystem /Users/manuelmartinezflores/miniforge3/include  -isysroot /Library/Developer/CommandLineTools/SDKs/MacOSX.sdk   -v -Wl,-v -MD -MT CMakeFiles/cmTC_c9335.dir/CMakeCXXCompilerABI.cpp.o -MF CMakeFiles/cmTC_c9335.dir/CMakeCXXCompilerABI.cpp.o.d -o CMakeFiles/cmTC_c9335.dir/CMakeCXXCompilerABI.cpp.o -c /usr/local/Cellar/cmake/3.23.2/share/cmake/Modules/CMakeCXXCompilerABI.cpp
clang version 16.0.6
Target: x86_64-apple-darwin13.4.0
Thread model: posix
InstalledDir: /Users/manuelmartinezflores/miniforge3/bin
clang-16: warning: -Wl,-v: 'linker' input unused [-Wunused-command-line-argument]
 (in-process)
 "/Users/manuelmartinezflores/miniforge3/bin/clang-16" -cc1 -triple x86_64-apple-macosx15.0.0 -Wundef-prefix=TARGET_OS_OSX -Werror=undef-prefix -Wdeprecated-objc-isa-usage -Werror=deprecated-objc-isa-usage -emit-obj -disable-free -clear-ast-before-backend -disable-llvm-verifier -discard-value-names -main-file-name CMakeCXXCompilerABI.cpp -mrelocation-model pic -pic-level 2 -pic-is-pie -mframe-pointer=all -ffp-contract=on -fno-rounding-math -funwind-tables=2 -target-sdk-version=15.2 -fcompatibility-qualified-id-block-type-checking -fvisibility-inlines-hidden-static-local-var -target-cpu core2 -target-feature +ssse3 -tune-cpu haswell -mllvm -treat-scalable-fixed-error-as-warning -debugger-tuning=lldb -target-linker-version 609 -v -fcoverage-compilation-dir=/Users/manuelmartinezflores/Documents/GitHub/LinearGraph-NormalTree/CMakeFiles/CMakeTmp -resource-dir /Users/manuelmartinezflores/miniforge3/lib/clang/16 -dependency-file CMakeFiles/cmTC_c9335.dir/CMakeCXXCompilerABI.cpp.o.d -MT CMakeFiles/cmTC_c9335.dir/CMakeCXXCompilerABI.cpp.o -sys-header-deps -isystem /Users/manuelmartinezflores/miniforge3/include -isysroot /Library/Developer/CommandLineTools/SDKs/MacOSX.sdk -stdlib=libc++ -internal-isystem /Users/manuelmartinezflores/miniforge3/bin/../include/c++/v1 -internal-isystem /Library/Developer/CommandLineTools/SDKs/MacOSX.sdk/usr/local/include -internal-isystem /Users/manuelmartinezflores/miniforge3/lib/clang/16/include -internal-externc-isystem /Library/Developer/CommandLineTools/SDKs/MacOSX.sdk/usr/include -O2 -fdeprecated-macro -fdebug-compilation-dir=/Users/manuelmartinezflores/Documents/GitHub/LinearGraph-NormalTree/CMakeFiles/CMakeTmp -ferror-limit 19 -fvisibility-inlines-hidden -stack-protector 2 -fblocks -fencode-extended-block-signature -fregister-global-dtors-with-atexit -fgnuc-version=4.2.1 -fcxx-exceptions -fexceptions -fmax-type-align=16 -vectorize-loops -vectorize-slp -D__GCC_HAVE_DWARF2_CFI_ASM=1 -o CMakeFiles/cmTC_c9335.dir/CMakeCXXCompilerABI.cpp.o -x c++ /usr/local/Cellar/cmake/3.23.2/share/cmake/Modules/CMakeCXXCompilerABI.cpp
clang -cc1 version 16.0.6 based upon LLVM 16.0.6 default target x86_64-apple-darwin24.3.0
ignoring nonexistent directory "/Library/Developer/CommandLineTools/SDKs/MacOSX.sdk/usr/local/include"
ignoring nonexistent directory "/Library/Developer/CommandLineTools/SDKs/MacOSX.sdk/Library/Frameworks"
#include "..." search starts here:
#include <...> search starts here:
 /Users/manuelmartinezflores/miniforge3/include
 /Users/manuelmartinezflores/miniforge3/bin/../include/c++/v1
 /Users/manuelmartinezflores/miniforge3/lib/clang/16/include
 /Library/Developer/CommandLineTools/SDKs/MacOSX.sdk/usr/include
 /Library/Developer/CommandLineTools/SDKs/MacOSX.sdk/System/Library/Frameworks (framework directory)
End of search list.
Linking CXX executable cmTC_c9335
/usr/local/Cellar/cmake/3.23.2/bin/cmake -E cmake_link_script CMakeFiles/cmTC_c9335.dir/link.txt --verbose=1
/Users/manuelmartinezflores/miniforge3/bin/x86_64-apple-darwin13.4.0-clang++ -march=core2 -mtune=haswell -mssse3 -ftree-vectorize -fPIC -fstack-protector-strong -O2 -pipe -stdlib=libc++ -fvisibility-inlines-hidden -fmessage-length=0 -isystem /Users/manuelmartinezflores/miniforge3/include  -isysroot /Library/Developer/CommandLineTools/SDKs/MacOSX.sdk -Wl,-search_paths_first -Wl,-headerpad_max_install_names -Wl,-headerpad_max_install_names -Wl,-dead_strip_dylibs -Wl,-rpath,/Users/manuelmartinezflores/miniforge3/lib -L/Users/manuelmartinezflores/miniforge3/lib -v -Wl,-v CMakeFiles/cmTC_c9335.dir/CMakeCXXCompilerABI.cpp.o -o cmTC_c9335 
clang version 16.0.6
Target: x86_64-apple-darwin13.4.0
Thread model: posix
InstalledDir: /Users/manuelmartinezflores/miniforge3/bin
 "/Users/manuelmartinezflores/miniforge3/bin/x86_64-apple-darwin13.4.0-ld" -demangle -lto_library /Users/manuelmartinezflores/miniforge3/lib/libLTO.16.dylib -dynamic -arch x86_64 -platform_version macos 15.0.0 15.2 -syslibroot /Library/Developer/CommandLineTools/SDKs/MacOSX.sdk -o cmTC_c9335 -L/Users/manuelmartinezflores/miniforge3/lib -search_paths_first -headerpad_max_install_names -headerpad_max_install_names -dead_strip_dylibs -rpath /Users/manuelmartinezflores/miniforge3/lib -v CMakeFiles/cmTC_c9335.dir/CMakeCXXCompilerABI.cpp.o -lc++ -lSystem /Users/manuelmartinezflores/miniforge3/lib/clang/16/lib/darwin/libclang_rt.osx.a
@(#)PROGRAM:ld  PROJECT:ld64-609
BUILD 01:50:21 Oct 12 2023
configured to support archs: armv6 armv7 armv7s arm64 arm64e arm64_32 i386 x86_64 x86_64h armv6m armv7k armv7m armv7em (tvOS)
Library search paths:
	/Users/manuelmartinezflores/miniforge3/lib
	/Library/Developer/CommandLineTools/SDKs/MacOSX.sdk/usr/lib
Framework search paths:
	/Library/Developer/CommandLineTools/SDKs/MacOSX.sdk/System/Library/Frameworks/
gmake[1]: Leaving directory '/Users/manuelmartinezflores/Documents/GitHub/LinearGraph-NormalTree/CMakeFiles/CMakeTmp'



Parsed CXX implicit include dir info from above output: rv=done
  found start of include info
  found start of implicit include info
    add: [/Users/manuelmartinezflores/miniforge3/include]
    add: [/Users/manuelmartinezflores/miniforge3/bin/../include/c++/v1]
    add: [/Users/manuelmartinezflores/miniforge3/lib/clang/16/include]
    add: [/Library/Developer/CommandLineTools/SDKs/MacOSX.sdk/usr/include]
  end of search list found
  collapse include dir [/Users/manuelmartinezflores/miniforge3/include] ==> [/Users/manuelmartinezflores/miniforge3/include]
  collapse include dir [/Users/manuelmartinezflores/miniforge3/bin/../include/c++/v1] ==> [/Users/manuelmartinezflores/miniforge3/include/c++/v1]
  collapse include dir [/Users/manuelmartinezflores/miniforge3/lib/clang/16/include] ==> [/Users/manuelmartinezflores/miniforge3/lib/clang/16/include]
  collapse include dir [/Library/Developer/CommandLineTools/SDKs/MacOSX.sdk/usr/include] ==> [/Library/Developer/CommandLineTools/SDKs/MacOSX.sdk/usr/include]
  implicit include dirs: [/Users/manuelmartinezflores/miniforge3/include;/Users/manuelmartinezflores/miniforge3/include/c++/v1;/Users/manuelmartinezflores/miniforge3/lib/clang/16/include;/Library/Developer/CommandLineTools/SDKs/MacOSX.sdk/usr/include]


Parsed CXX implicit link information from above output:
  link line regex: [^( *|.*[/\])(x86_64-apple-darwin13\.4\.0-ld|CMAKE_LINK_STARTFILE-NOTFOUND|([^/\]+-)?ld|collect2)[^/\]*( |$)]
  ignore line: [Change Dir: /Users/manuelmartinezflores/Documents/GitHub/LinearGraph-NormalTree/CMakeFiles/CMakeTmp]
  ignore line: []
  ignore line: [Run Build Command(s):/usr/local/bin/gmake -f Makefile cmTC_c9335/fast && /usr/local/bin/gmake  -f CMakeFiles/cmTC_c9335.dir/build.make CMakeFiles/cmTC_c9335.dir/build]
  ignore line: [gmake[1]: Entering directory '/Users/manuelmartinezflores/Documents/GitHub/LinearGraph-NormalTree/CMakeFiles/CMakeTmp']
  ignore line: [Building CXX object CMakeFiles/cmTC_c9335.dir/CMakeCXXCompilerABI.cpp.o]
  ignore line: [/Users/manuelmartinezflores/miniforge3/bin/x86_64-apple-darwin13.4.0-clang++   -march=core2 -mtune=haswell -mssse3 -ftree-vectorize -fPIC -fstack-protector-strong -O2 -pipe -stdlib=libc++ -fvisibility-inlines-hidden -fmessage-length=0 -isystem /Users/manuelmartinezflores/miniforge3/include  -isysroot /Library/Developer/CommandLineTools/SDKs/MacOSX.sdk   -v -Wl -v -MD -MT CMakeFiles/cmTC_c9335.dir/CMakeCXXCompilerABI.cpp.o -MF CMakeFiles/cmTC_c9335.dir/CMakeCXXCompilerABI.cpp.o.d -o CMakeFiles/cmTC_c9335.dir/CMakeCXXCompilerABI.cpp.o -c /usr/local/Cellar/cmake/3.23.2/share/cmake/Modules/CMakeCXXCompilerABI.cpp]
  ignore line: [clang version 16.0.6]
  ignore line: [Target: x86_64-apple-darwin13.4.0]
  ignore line: [Thread model: posix]
  ignore line: [InstalledDir: /Users/manuelmartinezflores/miniforge3/bin]
  ignore line: [clang-16: warning: -Wl -v: 'linker' input unused [-Wunused-command-line-argument]]
  ignore line: [ (in-process)]
  ignore line: [ "/Users/manuelmartinezflores/miniforge3/bin/clang-16" -cc1 -triple x86_64-apple-macosx15.0.0 -Wundef-prefix=TARGET_OS_OSX -Werror=undef-prefix -Wdeprecated-objc-isa-usage -Werror=deprecated-objc-isa-usage -emit-obj -disable-free -clear-ast-before-backend -disable-llvm-verifier -discard-value-names -main-file-name CMakeCXXCompilerABI.cpp -mrelocation-model pic -pic-level 2 -pic-is-pie -mframe-pointer=all -ffp-contract=on -fno-rounding-math -funwind-tables=2 -target-sdk-version=15.2 -fcompatibility-qualified-id-block-type-checking -fvisibility-inlines-hidden-static-local-var -target-cpu core2 -target-feature +ssse3 -tune-cpu haswell -mllvm -treat-scalable-fixed-error-as-warning -debugger-tuning=lldb -target-linker-version 609 -v -fcoverage-compilation-dir=/Users/manuelmartinezflores/Documents/GitHub/LinearGraph-NormalTree/CMakeFiles/CMakeTmp -resource-dir /Users/manuelmartinezflores/miniforge3/lib/clang/16 -dependency-file CMakeFiles/cmTC_c9335.dir/CMakeCXXCompilerABI.cpp.o.d -MT CMakeFiles/cmTC_c9335.dir/CMakeCXXCompilerABI.cpp.o -sys-header-deps -isystem /Users/manuelmartinezflores/miniforge3/include -isysroot /Library/Developer/CommandLineTools/SDKs/MacOSX.sdk -stdlib=libc++ -internal-isystem /Users/manuelmartinezflores/miniforge3/bin/../include/c++/v1 -internal-isystem /Library/Developer/CommandLineTools/SDKs/MacOSX.sdk/usr/local/include -internal-isystem /Users/manuelmartinezflores/miniforge3/lib/clang/16/include -internal-externc-isystem /Library/Developer/CommandLineTools/SDKs/MacOSX.sdk/usr/include -O2 -fdeprecated-macro -fdebug-compilation-dir=/Users/manuelmartinezflores/Documents/GitHub/LinearGraph-NormalTree/CMakeFiles/CMakeTmp -ferror-limit 19 -fvisibility-inlines-hidden -stack-protector 2 -fblocks -fencode-extended-block-signature -fregister-global-dtors-with-atexit -fgnuc-version=4.2.1 -fcxx-exceptions -fexceptions -fmax-type-align=16 -vectorize-loops -vectorize-slp -D__GCC_HAVE_DWARF2_CFI_ASM=1 -o CMakeFiles/cmTC_c9335.dir/CMakeCXXCompilerABI.cpp.o -x c++ /usr/local/Cellar/cmake/3.23.2/share/cmake/Modules/CMakeCXXCompilerABI.cpp]
  ignore line: [clang -cc1 version 16.0.6 based upon LLVM 16.0.6 default target x86_64-apple-darwin24.3.0]
  ignore line: [ignoring nonexistent directory "/Library/Developer/CommandLineTools/SDKs/MacOSX.sdk/usr/local/include"]
  ignore line: [ignoring nonexistent directory "/Library/Developer/CommandLineTools/SDKs/MacOSX.sdk/Library/Frameworks"]
  ignore line: [#include "..." search starts here:]
  ignore line: [#include <...> search starts here:]
  ignore line: [ /Users/manuelmartinezflores/miniforge3/include]
  ignore line: [ /Users/manuelmartinezflores/miniforge3/bin/../include/c++/v1]
  ignore line: [ /Users/manuelmartinezflores/miniforge3/lib/clang/16/include]
  ignore line: [ /Library/Developer/CommandLineTools/SDKs/MacOSX.sdk/usr/include]
  ignore line: [ /Library/Developer/CommandLineTools/SDKs/MacOSX.sdk/System/Library/Frameworks (framework directory)]
  ignore line: [End of search list.]
  ignore line: [Linking CXX executable cmTC_c9335]
  ignore line: [/usr/local/Cellar/cmake/3.23.2/bin/cmake -E cmake_link_script CMakeFiles/cmTC_c9335.dir/link.txt --verbose=1]
  ignore line: [/Users/manuelmartinezflores/miniforge3/bin/x86_64-apple-darwin13.4.0-clang++ -march=core2 -mtune=haswell -mssse3 -ftree-vectorize -fPIC -fstack-protector-strong -O2 -pipe -stdlib=libc++ -fvisibility-inlines-hidden -fmessage-length=0 -isystem /Users/manuelmartinezflores/miniforge3/include  -isysroot /Library/Developer/CommandLineTools/SDKs/MacOSX.sdk -Wl -search_paths_first -Wl -headerpad_max_install_names -Wl -headerpad_max_install_names -Wl -dead_strip_dylibs -Wl -rpath /Users/manuelmartinezflores/miniforge3/lib -L/Users/manuelmartinezflores/miniforge3/lib -v -Wl -v CMakeFiles/cmTC_c9335.dir/CMakeCXXCompilerABI.cpp.o -o cmTC_c9335 ]
  ignore line: [clang version 16.0.6]
  ignore line: [Target: x86_64-apple-darwin13.4.0]
  ignore line: [Thread model: posix]
  ignore line: [InstalledDir: /Users/manuelmartinezflores/miniforge3/bin]
  link line: [ "/Users/manuelmartinezflores/miniforge3/bin/x86_64-apple-darwin13.4.0-ld" -demangle -lto_library /Users/manuelmartinezflores/miniforge3/lib/libLTO.16.dylib -dynamic -arch x86_64 -platform_version macos 15.0.0 15.2 -syslibroot /Library/Developer/CommandLineTools/SDKs/MacOSX.sdk -o cmTC_c9335 -L/Users/manuelmartinezflores/miniforge3/lib -search_paths_first -headerpad_max_install_names -headerpad_max_install_names -dead_strip_dylibs -rpath /Users/manuelmartinezflores/miniforge3/lib -v CMakeFiles/cmTC_c9335.dir/CMakeCXXCompilerABI.cpp.o -lc++ -lSystem /Users/manuelmartinezflores/miniforge3/lib/clang/16/lib/darwin/libclang_rt.osx.a]
    arg [/Users/manuelmartinezflores/miniforge3/bin/x86_64-apple-darwin13.4.0-ld] ==> ignore
    arg [-demangle] ==> ignore
    arg [-lto_library] ==> ignore, skip following value
    arg [/Users/manuelmartinezflores/miniforge3/lib/libLTO.16.dylib] ==> skip value of -lto_library
    arg [-dynamic] ==> ignore
    arg [-arch] ==> ignore
    arg [x86_64] ==> ignore
    arg [-platform_version] ==> ignore
    arg [macos] ==> ignore
    arg [15.0.0] ==> ignore
    arg [15.2] ==> ignore
    arg [-syslibroot] ==> ignore
    arg [/Library/Developer/CommandLineTools/SDKs/MacOSX.sdk] ==> ignore
    arg [-o] ==> ignore
    arg [cmTC_c9335] ==> ignore
    arg [-L/Users/manuelmartinezflores/miniforge3/lib] ==> dir [/Users/manuelmartinezflores/miniforge3/lib]
    arg [-search_paths_first] ==> ignore
    arg [-headerpad_max_install_names] ==> ignore
    arg [-headerpad_max_install_names] ==> ignore
    arg [-dead_strip_dylibs] ==> ignore
    arg [-rpath] ==> ignore
    arg [/Users/manuelmartinezflores/miniforge3/lib] ==> ignore
    arg [-v] ==> ignore
    arg [CMakeFiles/cmTC_c9335.dir/CMakeCXXCompilerABI.cpp.o] ==> ignore
    arg [-lc++] ==> lib [c++]
    arg [-lSystem] ==> lib [System]
    arg [/Users/manuelmartinezflores/miniforge3/lib/clang/16/lib/darwin/libclang_rt.osx.a] ==> lib [/Users/manuelmartinezflores/miniforge3/lib/clang/16/lib/darwin/libclang_rt.osx.a]
  Library search paths: [;/Users/manuelmartinezflores/miniforge3/lib;/Library/Developer/CommandLineTools/SDKs/MacOSX.sdk/usr/lib]
  Framework search paths: [;/Library/Developer/CommandLineTools/SDKs/MacOSX.sdk/System/Library/Frameworks/]
  remove lib [System]
  remove lib [/Users/manuelmartinezflores/miniforge3/lib/clang/16/lib/darwin/libclang_rt.osx.a]
  collapse library dir [/Users/manuelmartinezflores/miniforge3/lib] ==> [/Users/manuelmartinezflores/miniforge3/lib]
  collapse library dir [/Users/manuelmartinezflores/miniforge3/lib] ==> [/Users/manuelmartinezflores/miniforge3/lib]
  collapse library dir [/Library/Developer/CommandLineTools/SDKs/MacOSX.sdk/usr/lib] ==> [/Library/Developer/CommandLineTools/SDKs/MacOSX.sdk/usr/lib]
  collapse framework dir [/Library/Developer/CommandLineTools/SDKs/MacOSX.sdk/System/Library/Frameworks/] ==> [/Library/Developer/CommandLineTools/SDKs/MacOSX.sdk/System/Library/Frameworks]
  implicit libs: [c++]
  implicit objs: []
  implicit dirs: [/Users/manuelmartinezflores/miniforge3/lib;/Library/Developer/CommandLineTools/SDKs/MacOSX.sdk/usr/lib]
  implicit fwks: [/Library/Developer/CommandLineTools/SDKs/MacOSX.sdk/System/Library/Frameworks]


